291
690
2191
2802
1856
291
690
2191
2802
291
690
2604
1856
291
690
2191
2802
433
840
291
690
1760
1856
2773
2191
2802
2951
291
690
1806
2604
897
2590
705
1856
2191
2802
291
690
291
690
2191
2802
1856
433
840
1613
291
690
2604
2616
1662
2191
2802
291
690
1760
1856
2773
2191
2802
291
690
1840
2951
1856
291
460
690
1806
2191
2604
2802
897
2590
291
433
690
840
705
1856
2191
2802
291
690
2191
2802
291
690
1760
1856
2604
2773
291
690
2191
2802
1856
289
291
690
2951
433
840
1613
2191
2414
2802
291
690
1806
2604
2616
1856
1662
2191
2802
291
690
897
2590
291
690
705
1760
1856
2191
2773
2802
291
690
2604
2191
2802
433
840
1856
291
690
1840
2184
2191
2802
2951
291
690
1856
291
460
690
1806
2191
2604
2802
1797
291
690
1760
1856
2026
2773
386
897
2191
2590
2802
1392
1962
291
433
690
840
1613
772
705
1016
1856
2191
2802
291
690
2604
2616
1685
291
690
1662
2191
2802
1856
2276
2951
1154
291
690
2191
2802
291
690
1760
1806
1856
2604
2773
433
840
1878
2191
2802
291
519
690
897
1643
1856
2590
291
690
2191
2641
2802
291
690
2445
2604
705
1856
2191
2802
2800
289
291
690
1840
2951
433
840
1613
2191
2414
2802
291
690
1760
1856
2773
313
291
460
690
1806
2191
2604
2616
2802
1856
291
690
1662
2191
2802
291
690
897
2590
1856
2191
2802
291
433
690
807
840
2604
2951
291
690
705
1760
1856
2191
2773
2802
291
690
2191
2802
1856
291
690
1806
2604
2191
2802
291
690
433
840
1613
1856
291
690
2191
2247
2802
897
2590
291
690
1440
1486
1760
1856
2604
2616
2773
1840
2184
2191
2802
2951
291
690
1593
705
1662
1856
2191
2802
291
690
2487
433
840
1514
291
460
690
1806
2191
2604
2802
1856
291
690
1283
1797
2191
2802
291
690
1085
1760
1856
2026
2773
386
897
2191
2590
2802
289
291
690
2604
2951
1392
1962
1856
291
433
436
690
840
1613
2191
2414
2802
772
291
690
705
1016
1856
2191
2802
291
690
1149
1806
2604
2616
2191
2802
291
690
1760
1856
2773
1500
1685
291
690
1662
1836
2191
2802
433
840
1840
1856
2276
2951
291
690
897
2590
2604
1154
2191
2202
2802
291
690
1856
2191
2802
291
690
397
291
460
690
705
1760
1806
1856
2191
2604
2773
2802
433
840
1613
291
690
1878
2191
2802
647
1856
291
519
690
2951
2191
2802
291
690
2604
2616
897
1643
1856
2590
291
690
2191
2239
2641
2802
291
433
690
840
1760
1856
2773
1662
2191
2802
291
556
604
690
1806
2445
2604
1407
705
1856
2191
2802
291
690
909
2800
289
291
690
1840
2184
2191
2802
2951
1856
2761
291
690
2604
433
840
1613
2191
2414
2802
897
2590
291
690
1760
1856
2773
141
313
2191
2802
291
690
1379
1164
1856
2514
291
460
690
1806
2191
2604
2616
2802
2912
291
690
705
1856
2191
2802
433
840
1006
2951
291
690
1797
1662
2191
2802
291
690
1760
1856
2026
2604
2773
1048
1087
291
386
690
897
2191
2590
2802
1856
291
690
1392
1962
2390
1162
2191
2802
291
433
690
807
840
1613
1806
2604
1856
2191
2802
74
291
690
772
1323
1840
2951
291
690
705
1016
1760
1856
2191
2773
2802
291
690
2604
2616
2191
2802
1856
291
690
433
840
897
1637
2077
2590
2191
2802
291
690
1685
1856
2586
291
311
460
690
1662
1806
2191
2604
2802
289
291
344
690
1760
1856
1973
2276
2773
2951
2191
2216
2802
291
690
1154
154
181
433
705
840
1613
1856
2191
2414
2802
291
690
2604
1082
291
690
2191
2247
2802
1856
897
2590
291
690
467
1151
2191
2802
2831
291
690
1440
1486
1760
1806
1856
2604
2616
2773
2317
1840
2184
2191
2802
2951
291
433
690
840
1856
291
690
1878
2191
2802
2873
2183
1593
291
519
690
2604
705
1662
1856
2191
2802
291
690
2777
2191
2487
2802
291
690
897
1643
1760
1856
2590
2773
433
840
1514
1613
291
460
690
1806
2191
2604
2641
2802
2951
1856
291
690
2191
2802
1922
291
690
1283
1856
2459
1797
2191
2802
291
690
2445
2604
2616
433
840
1109
291
690
705
1085
1698
1760
1856
2026
2191
2773
2802
1103
2837
291
690
2800
386
897
1586
2191
2590
2802
1856
2179
289
291
690
1806
1840
2604
2951
1392
1662
1962
2191
2802
109
291
690
1856
271
1179
291
433
436
690
840
1613
2191
2414
2802
1046
1937
291
690
1760
1856
2604
2773
772
2191
2802
291
313
690
1971
2071
68
705
1016
1856
2191
2802
291
690
1342
695
897
2590
2951
146
291
460
690
1149
1806
2191
2604
2616
2802
433
840
1856
291
690
2191
2802
291
690
1760
1856
2773
2518
1500
1685
2191
2802
291
690
2604
1666
1856
291
690
1662
1836
2057
2191
2802
2931
433
840
1123
1613
291
690
705
1840
1856
2184
2191
2276
2802
2951
291
690
897
1806
2590
2604
1154
2191
2202
2802
291
690
1760
1856
2773
291
690
2191
2802
1708
1856
291
433
690
807
840
2604
2616
1762
2191
2802
291
690
1856
2945
397
1780
2191
2802
289
291
690
2951
291
460
690
705
1760
1806
1856
2191
2604
2773
2802
897
1267
2590
291
690
433
840
1613
1662
2191
2414
2802
1856
291
690
1878
2191
2802
2925
291
690
2604
647
1797
1856
291
519
690
2191
2802
1840
2951
291
690
1760
1856
2026
2773
2191
2802
433
840
1687
291
690
1806
2604
2616
386
705
897
1643
1856
2191
2590
2802
291
690
1786
2677
291
690
2191
2239
2641
2802
1392
1856
1962
2638
291
690
2604
2191
2802
291
433
690
840
1613
1760
1856
2773
2951
1662
2191
2664
2802
291
690
1923
772
1856
291
460
553
556
604
690
1806
1940
2191
2247
2445
2604
2802
1407
291
690
897
2590
705
1016
1856
2191
2802
291
690
909
2024
433
840
2191
2800
2802
291
690
1440
1486
1760
1856
2604
2616
2773
173
1120
289
291
690
1840
2184
2191
2295
2802
2951
2658
1856
291
690
2191
2393
2761
2802
291
690
1806
2604
1685
1856
2199
433
840
1613
2191
2414
2802
291
690
1591
1593
897
2590
123
2712
291
690
705
1662
1760
1856
2191
2773
2801
2802
141
291
690
1558
2604
313
960
2191
2802
1856
2276
2951
176
291
690
1379
2487
1164
2191
2802
291
433
690
840
1514
2177
1154
1856
2514
291
460
690
1806
2191
2604
2616
2802
2912
291
690
1760
1856
2773
2191
2802
897
2590
291
690
1084
2045
705
1856
2191
2802
291
690
1026
1283
2604
433
840
1006
1613
1840
2951
291
690
1797
2191
2802
2884
1856
291
690
2038
1662
2191
2266
2802
291
690
1085
1155
1760
1806
1856
2026
2604
2773
1237
2268
1048
2191
2802
291
690
1087
433
840
1856
1983
291
386
690
897
2191
2590
2802
289
291
690
2604
2616
2951
705
1856
1878
2191
2802
291
690
1392
1962
2390
1162
2191
2802
291
519
690
1760
1856
2773
291
433
436
460
690
807
840
1613
1806
2191
2414
2604
2802
1728
1856
291
690
2191
2802
74
291
690
772
1323
850
897
1643
1856
2590
1662
1840
2184
2191
2802
2951
291
690
2604
291
690
705
1016
1760
1856
2191
2641
2773
2802
433
840
2279
291
690
2191
2802
204
1856
291
690
1149
1806
2373
2604
2616
2191
2802
291
690
1856
291
690
2191
2802
2951
263
433
840
897
1613
1637
2077
2590
2797
291
690
1760
1849
1856
2445
2604
2705
2773
2191
2802
856
291
690
1500
1685
705
1402
1856
2191
2586
2802
291
690
291
311
460
690
1662
1806
1836
2191
2604
2802
1292
1856
2800
291
433
690
840
2191
2802
289
291
344
690
1760
1840
1856
1973
2276
2773
2951
2191
2216
2802
291
582
690
897
1656
2590
2604
2616
1044
1856
291
690
1154
2191
2202
2802
352
154
1797
291
690
181
433
705
840
1613
1856
2191
2414
2802
291
690
1806
2604
2191
2802
291
531
690
1760
1856
2026
2773
1082
1427
2951
291
690
2191
2247
2802
313
1856
291
690
2604
386
897
1662
2191
2590
2802
433
840
291
397
690
2974
1856
467
1151
2191
2802
291
690
188
1688
2831
1392
1962
291
460
690
705
1440
1486
1760
1806
1856
2191
2604
2616
2681
2773
2802
2317
291
690
1840
2184
2191
2563
2802
2951
1856
291
433
690
840
1202
1613
2191
2802
291
690
2604
1856
897
2590
291
690
1878
2191
2802
2873
772
2183
291
647
690
1760
1856
2773
95
1593
2191
2802
291
519
690
1806
2604
433
840
705
1016
1662
1856
2191
2802
289
291
690
2951
291
690
2191
2777
2802
1856
291
690
2604
2616
913
2191
2487
2802
291
690
897
1643
1760
1856
2590
2773
433
840
1514
1613
2191
2414
2802
291
690
1856
291
460
690
1806
2191
2239
2604
2641
2802
2976
1840
2951
291
351
690
705
1856
2191
2802
1685
2595
291
690
1660
2191
2802
2984
291
433
690
807
840
1760
1856
2604
2773
1922
291
690
1283
1662
2191
2802
897
2360
2590
1856
2459
291
690
1797
2191
2802
291
556
604
690
1806
2445
2604
2616
1856
2276
2951
2191
2802
291
690
1407
433
840
1109
1613
291
690
705
1085
1698
1760
1856
2026
2191
2773
2802
1103
1154
291
690
909
2432
2604
2191
2802
2837
1856
291
690
2800
386
897
1422
1586
2191
2590
2802
291
690
200
1856
2179
433
840
289
291
460
690
1806
1840
2184
2191
2604
2802
2951
291
690
1760
1856
2773
921
1392
1662
1962
2191
2802
109
291
690
2761
705
1856
1866
2191
2802
291
690
2604
2616
271
1179
291
433
436
690
840
1613
2191
2414
2802
1856
291
690
897
2590
1046
1937
2191
2802
2905
2951
291
690
1760
1806
1856
2604
2773
772
2191
2802
141
291
690
1856
291
313
690
1971
2071
2191
2802
433
840
1364
291
690
1379
2604
68
705
1016
1856
2191
2802
291
690
1164
1342
695
1662
1878
2191
2447
2802
291
690
1504
1760
1856
2514
2773
897
1840
2590
2951
699
146
291
460
690
1149
1806
2191
2604
2616
2802
122
433
840
1613
1856
291
519
690
1546
2912
2191
2802
291
690
1856
2191
2802
291
468
690
2151
2604
217
291
690
705
1347
1760
1856
2191
2247
2773
2802
2518
289
291
433
690
840
1006
1691
2951
1500
1685
2191
2802
897
1643
1856
2590
291
690
1797
1806
2178
2604
1666
2191
2802
291
690
1856
291
690
1662
1836
2057
2191
2641
2802
2931
291
690
1440
1486
1760
1856
2026
2604
2616
2773
433
840
1123
1613
2191
2414
2802
2965
291
690
1048
2492
705
1840
1856
2184
2191
2276
2802
2951
291
690
1087
291
386
460
690
897
1806
2191
2590
2604
2802
1856
291
690
1154
2191
2202
2791
2802
433
840
881
291
690
1760
1856
2773
2191
2802
291
690
1392
1962
2390
2445
2604
1593
1856
291
690
1162
2191
2802
2951
1708
291
690
705
1662
1856
2191
2802
291
433
690
807
840
1613
1806
2604
2616
897
1968
2590
306
1762
2191
2802
291
690
1760
1856
2361
2773
979
2800
291
690
2191
2802
1856
2487
2945
74
291
690
772
1323
2604
397
512
1780
2191
2802
289
291
690
1840
2951
433
840
1514
1856
2191
2802
291
690
291
460
690
705
901
1016
1760
1806
1856
2191
2604
2773
2802
897
1267
2590
291
690
1152
2191
2802
1856
291
690
1393
1634
433
840
1613
1662
2191
2414
2802
2971
291
690
2604
2616
1856
2951
291
690
2191
2802
291
690
852
1283
1760
1856
2773
1878
2191
2802
2925
291
690
1806
2070
2604
647
705
1236
1797
1856
2191
2802
291
433
690
840
897
1637
2077
2590
313
291
519
690
2191
2802
1856
2130
291
690
1685
2604
1840
2184
2191
2802
2951
291
690
1085
1760
1856
2026
2586
2773
10
1110
2191
2802
291
690
433
840
1613
1687
1619
1856
291
311
460
690
1662
1806
2191
2604
2616
2802
1285
291
690
386
705
897
1643
1856
2191
2590
2802
291
690
2191
2802
289
291
344
690
1394
1760
1856
1973
2276
2604
2773
2951
1786
2677
433
654
840
2573
291
690
2191
2216
2239
2641
2802
1392
1856
1962
2074
282
291
690
2191
2638
2802
2973
291
690
1154
1806
2604
1856
924
2191
2802
154
291
690
897
2590
181
291
433
436
690
705
840
1613
1760
1856
2191
2414
2773
2802
1840
2951
291
690
2604
2616
1662
2191
2664
2802
1856
291
690
2978
1408
1680
1923
2191
2802
291
655
690
1082
772
1856
2278
291
460
553
556
604
690
1806
1940
2191
2247
2445
2604
2802
433
766
840
291
690
931
1760
1856
2773
450
721
1407
2191
2802
291
690
897
2590
2951
705
1016
1856
2191
2802
291
690
2604
291
467
690
909
1151
2024
2191
2802
715
1856
433
840
1613
291
690
2831
2991
2191
2800
2802
291
690
1149
1440
1486
1760
1806
1856
2604
2616
2773
173
1662
2191
2802
291
690
2317
1120
1797
1856
1894
2127
289
291
690
1840
2184
2191
2295
2802
2951
897
2590
2658
291
433
690
807
840
2604
705
1856
2191
2802
291
690
2191
2393
2761
2802
291
690
1760
1856
2026
2773
291
460
690
1806
1878
2191
2604
2802
2873
1500
1685
1856
2199
291
690
2183
433
840
1613
2191
2414
2802
94
2951
291
690
1591
1593
1856
15
112
386
897
2191
2590
2802
291
519
690
2604
2616
123
823
2712
291
690
705
1662
1760
1836
1856
2191
2773
2801
2802
828
291
690
141
2191
2748
2802
433
840
1856
291
690
1558
1806
2604
2777
1392
1962
313
960
2191
2802
291
690
1840
1856
2276
2951
176
291
690
1379
2191
2487
2802
291
690
897
1643
1760
1856
2590
2604
2773
1164
2191
2802
720
291
433
690
840
1514
1613
2177
2734
705
1154
1426
1856
2191
2202
2514
2802
155
291
690
762
291
460
690
844
1806
2191
2604
2616
2641
2802
1856
289
291
690
2951
1662
2191
2802
2859
2912
772
291
690
1760
1856
2773
433
840
2191
2802
291
690
1766
2604
897
2590
1856
291
690
2191
2802
1084
2045
291
690
1922
705
1016
1856
2191
2802
291
690
1026
1283
1806
2604
2448
433
840
1006
1613
1840
2184
2191
2414
2802
2951
291
690
1760
1856
2459
2773
674
291
690
1333
1797
2191
2802
2884
2762
397
1856
291
690
2445
2604
2616
2191
2802
897
2590
291
690
2038
1856
1662
2191
2266
2802
291
433
690
840
1109
137
291
460
690
705
1085
1155
1698
1760
1806
1856
2026
2191
2604
2773
2802
2951
129
1237
2268
3000
291
690
1103
1048
2191
2802
1856
62
160
291
369
690
760
2837
1087
2191
2802
291
690
2604
2800
433
840
1613
1856
1983
291
386
690
897
939
1586
2191
2590
2802
1685
2410
291
690
1760
1856
2179
2773
2191
2802
124
253
218
289
291
690
1806
1840
2604
2616
2951
705
1856
1878
1967
2191
2802
291
690
433
840
1970
291
690
1392
1662
1962
2191
2247
2390
2678
2802
647
1856
109
291
690
2604
1162
2191
2802
291
519
690
1760
1856
2773
897
2590
2191
2400
2802
271
291
690
1179
1182
1856
2276
2951
291
433
436
460
690
807
840
1613
1806
2191
2414
2604
2802
291
690
705
911
1728
1856
2191
2802
291
690
1046
1937
428
2191
2802
291
678
690
1440
1486
1760
1856
2604
2616
2773
1154
74
291
690
772
1323
2191
2802
433
840
850
897
1643
1856
2590
2985
291
690
1662
1840
2184
2191
2802
2951
2446
291
313
690
1806
1971
2071
2604
1856
2191
2802
291
690
68
291
690
705
1016
1760
1856
2191
2239
2641
2773
2802
433
840
1613
1797
2279
291
690
1342
1909
2604
2191
2511
2802
1856
291
690
695
2191
2315
2802
289
291
690
897
2590
2951
204
1856
146
291
460
690
1149
1806
2191
2373
2604
2616
2802
1593
291
433
690
840
1246
1760
1856
2026
2773
2191
2802
291
690
705
1662
1856
2191
2802
147
291
690
2604
294
291
690
2191
2802
1856
1840
2951
291
690
263
386
433
840
897
1613
1637
2077
2191
2414
2590
2797
2802
948
291
556
604
690
1760
1806
1849
1856
2416
2445
2604
2705
2773
2191
2802
291
690
2518
856
2487
1407
1856
291
690
1220
1500
1685
2191
2802
291
690
2604
2616
705
1402
1856
2191
2586
2802
433
840
1392
1514
1962
291
690
1666
2951
318
2191
2802
291
690
909
1760
1856
2773
157
897
2590
291
311
460
690
1662
1806
1836
2057
2191
2604
2802
2931
1292
1856
2800
291
690
1878
2191
2802
621
2110
291
433
690
840
1123
1613
1856
2191
2802
291
690
1761
2604
289
291
344
690
705
1039
1760
1840
1856
1973
2184
2191
2276
2773
2802
2951
2039
291
519
690
2191
2216
2802
1856
291
582
677
690
897
1656
1806
2590
2604
2616
433
772
840
1044
2191
2802
291
690
899
1283
1856
2761
1946
291
690
1154
1817
2191
2202
2802
352
291
690
1760
1856
2604
2773
154
1251
1662
1797
2191
2802
2951
291
690
181
433
705
840
1016
1613
1856
2191
2414
2802
291
690
291
460
690
1806
2191
2604
2802
897
1643
1856
2590
291
690
1708
1858
2191
2340
2802
291
531
690
1085
1760
1856
2026
2773
1082
2191
2802
291
433
690
807
840
2604
2616
1427
1840
2951
141
1856
291
690
951
1762
2191
2247
2641
2802
291
690
313
705
1856
2191
2802
875
291
690
1806
2604
386
897
1662
2191
2590
2802
291
690
1379
1760
1856
2773
2945
433
840
1613
1094
291
397
690
1780
2191
2802
2974
1
1164
1856
289
291
690
2604
2951
2982
467
1151
2191
2802
1210
291
690
484
1856
2514
188
1610
1688
2191
2802
2831
291
690
1392
1962
433
840
1685
2229
291
460
690
705
1440
1486
1760
1806
1856
2191
2604
2616
2681
2773
2802
291
630
690
897
1267
2590
2191
2317
2802
1856
2912
291
690
1840
2184
2191
2563
2802
2951
291
690
1183
2445
2604
1856
291
433
436
690
840
1202
1613
1662
2191
2414
2802
2904
492
291
690
1760
1856
2773
675
1359
2191
2292
2802
291
690
1806
2604
1204
705
1856
2191
2802
291
690
897
2084
2290
2590
291
690
1878
2191
2802
2873
2925
433
840
1006
1856
2276
2951
772
291
690
2604
2616
85
2183
2191
2802
291
647
690
1760
1764
1797
1856
2773
2800
95
1593
2191
2802
291
690
1856
291
460
519
690
1806
2191
2604
2802
433
840
1154
1613
2082
291
690
705
1016
1662
1856
2191
2802
897
2420
2590
289
291
690
1840
2951
2191
2802
291
690
1113
1760
1856
2026
2604
2773
291
690
2191
2777
2802
102
1048
1856
291
433
690
840
1687
2191
2802
2489
291
690
1149
1806
2604
2616
1087
1856
849
913
1842
2191
2487
2802
291
690
2951
291
386
690
705
897
1643
1760
1856
2191
2590
2773
2802
291
690
2604
231
433
840
1514
1613
2191
2414
2802
1856
291
690
1662
2191
2802
291
690
1786
2677
1856
169
291
449
460
690
1806
2191
2239
2604
2641
2802
2976
291
643
690
1392
1760
1856
1962
2390
2773
1840
2184
2191
2802
2951
433
840
291
351
690
2638
897
2590
705
1108
1162
1856
2191
2802
291
690
2604
2616
673
1500
1685
2595
291
690
2191
2802
1856
2717
313
1660
291
690
2191
2802
2984
291
433
690
807
840
1613
1760
1806
1856
2604
2773
252
456
1922
2191
2470
2699
2802
289
291
690
2951
2679
1856
291
690
1283
1662
1836
2191
2664
2802
897
2360
2590
291
690
2454
2604
705
1856
2191
2459
2802
2249
291
690
1923
433
840
1797
2191
2802
74
291
690
772
1323
1760
1856
2773
291
460
553
556
604
690
1806
1940
2191
2247
2445
2604
2616
2802
1840
1856
2276
2951
11
291
690
2191
2802
602
291
690
1407
1856
433
840
1109
1613
1878
2191
2414
2802
291
690
897
2590
2604
1475
291
690
705
1016
1085
1698
1760
1856
2026
2191
2773
2802
1646
291
690
1103
1154
1662
2191
2202
2802
1856
291
690
909
1806
2024
2432
2604
2951
2191
2497
2802
2837
291
433
519
690
840
1158
1856
291
690
2191
2800
2802
291
690
1440
1486
1760
1856
2604
2616
2773
386
897
1422
1586
2191
2590
2802
173
291
690
200
705
1856
2179
2191
2802
291
690
1120
433
840
1613
289
291
460
690
1806
1840
2184
2191
2295
2604
2802
2951
1856
291
690
1785
2658
1924
2191
2802
635
291
690
1760
1856
2773
2083
921
1392
1662
1962
2191
2802
291
690
2604
433
840
897
1637
1643
1856
2077
2590
109
291
690
2191
2393
2761
2802
540
291
690
1114
705
1856
1866
2191
2802
2951
291
690
1806
2604
2616
271
510
1179
2191
2802
239
291
690
1685
1760
1856
2199
2460
2773
110
397
291
433
436
690
840
1613
2191
2414
2641
2802
1856
2586
291
690
1591
1593
2604
2191
2802
291
690
897
2590
1856
2248
333
1046
1937
2191
2802
2905
123
291
690
2712
1583
1797
1840
2951
291
311
460
690
705
1662
1760
1806
1856
2191
2604
2773
2801
2802
433
840
291
690
772
2191
2802
1856
141
291
690
1295
2191
2802
291
690
1558
2604
2616
1856
291
313
360
690
960
1971
2071
2191
2802
897
2590
433
840
1364
1613
289
291
344
690
1760
1856
1973
2026
2276
2773
2951
2191
2802
176
291
690
1379
1806
2487
2604
68
705
1016
1856
2191
2216
2802
291
690
1079
291
690
1164
1342
2191
2802
1620
1856
291
433
690
807
840
1150
1514
2177
2445
2604
695
1662
1878
2191
2447
2802
291
690
1154
1504
1760
1856
2514
2773
386
897
1840
2184
2191
2590
2802
2951
291
690
2722
699
2402
154
647
1856
146
291
460
690
1149
1806
2191
2604
2616
2802
291
690
28
122
181
433
705
840
1613
1856
2191
2414
2802
291
519
690
1546
2912
2191
2802
291
690
1760
1856
2604
2773
291
690
2191
2802
1392
1962
2951
1856
291
690
897
2590
2191
2802
433
840
2800
291
468
663
690
1560
1806
2151
2604
1082
1856
217
1662
2191
2802
291
301
690
1084
2045
2841
2968
2017
291
690
705
1347
1760
1856
2191
2247
2773
2802
291
690
1026
1283
2604
2616
2191
2518
2802
1856
1915
2209
289
291
433
690
840
1006
1613
1691
1840
2951
1500
1565
1685
2191
2802
183
291
690
897
908
1643
1856
2590
291
460
690
1797
1806
2178
2191
2604
2802
2884
2515
2564
1716
291
690
1258
1760
1856
2773
1666
2191
2802
99
2578
291
690
433
840
467
705
947
1151
1856
2191
2196
2802
291
690
900
1163
2038
2604
772
2951
101
291
690
1662
1836
2057
2191
2239
2266
2641
2802
2931
1856
2831
2158
291
690
2191
2802
897
1224
2590
291
690
1085
1155
1440
1486
1760
1806
1856
2026
2604
2616
2773
433
840
1123
1613
2191
2414
2802
2965
291
690
1237
2268
1327
1372
1470
1697
1856
2317
291
690
1048
2191
2492
2802
291
690
2604
705
1016
1840
1856
2184
2191
2276
2802
2951
2462
291
496
690
1087
2816
2191
2802
291
433
690
840
1760
1856
1983
2773
291
386
460
690
897
1806
2191
2366
2590
2604
2802
1856
291
690
1662
2191
2802
83
932
159
291
690
2097
168
1856
759
1154
2191
2202
2791
2802
289
291
690
2604
2616
2951
313
433
840
881
1613
1723
291
690
705
1760
1856
1878
2191
2724
2773
2802
2873
291
690
192
2191
2802
1856
2183
291
556
604
690
1392
1806
1962
2390
2445
2604
897
2590
1683
2191
2802
291
690
2385
2778
1593
1856
433
840
291
690
1162
2191
2802
1407
184
1840
2951
291
519
690
1760
1856
2604
2773
1216
1708
2191
2802
291
690
705
1662
1856
2191
2802
291
690
961
1399
291
433
436
460
690
807
840
1613
1806
2191
2414
2604
2616
2802
1856
897
1797
1968
2590
291
690
909
306
1762
2191
2802
291
690
1728
1760
1856
2361
2773
2777
729
1685
2951
979
2191
2802
291
690
2604
2800
1856
291
690
2191
2802
433
840
291
350
690
705
1856
2191
2487
2802
2945
74
291
690
772
1323
1806
2604
397
512
1780
2191
2802
291
690
850
897
1643
1760
1856
2026
2590
2773
289
291
690
1662
1840
2184
2191
2802
2951
433
840
1514
1613
1856
291
690
2604
2616
2191
2802
291
690
1856
2191
2802
291
690
291
460
690
705
901
929
1016
1760
1806
1856
2191
2604
2641
2773
2802
1884
2761
92
291
433
690
840
2279
386
897
1267
2191
2590
2802
1856
2276
2951
291
690
1152
2191
2802
291
690
2349
2604
1856
291
690
1393
1634
2191
2247
2802
32
379
204
291
690
1002
1760
1856
2773
433
840
1613
1662
2191
2414
2802
2971
291
690
1149
1806
2373
2604
2616
705
1856
2191
2802
291
690
1154
1840
2951
897
1392
1962
2590
291
690
2191
2802
1856
1922
291
690
1941
2604
2191
2802
433
840
291
690
852
1283
1760
1856
2773
1878
2069
2191
2802
2925
291
690
1856
2161
2459
291
460
690
1806
2070
2191
2604
2802
141
1974
289
291
690
2951
647
669
705
1236
1797
1856
2191
2802
263
291
433
690
840
897
1613
1637
2077
2590
2797
313
1662
2191
2802
291
690
1440
1486
1760
1849
1856
2445
2604
2616
2705
2773
291
519
690
2191
2802
447
1856
291
690
856
1379
2130
2191
2802
77
1515
291
690
1500
1685
1806
2604
433
840
1109
1856
1840
2184
2191
2802
2951
291
690
1164
291
690
705
1085
1402
1698
1760
1856
2026
2191
2586
2773
2802
772
897
2590
10
1110
291
690
2604
2191
2802
1103
1856
2514
291
690
433
840
1613
1687
2191
2414
2802
291
690
1619
1856
2837
291
311
460
690
1662
1806
1836
2191
2604
2616
2802
2951
1285
291
690
1292
1760
1823
1856
2773
2800
1205
2191
2802
2868
291
480
690
2912
386
705
897
1016
1586
1643
1856
2191
2590
2802
291
433
690
807
840
2604
291
690
2191
2802
1856
2179
291
690
2306
2191
2802
1593
289
291
344
690
1394
1760
1806
1840
1856
1973
2276
2604
2773
2951
973
1786
2191
2677
2802
291
690
433
654
840
1613
2573
588
1856
2503
291
690
1054
2191
2216
2239
2641
2802
291
582
690
897
1656
2590
2604
2616
705
1392
1662
1856
1962
2074
2191
2802
282
291
690
1044
2191
2638
2802
109
291
690
1760
1856
2773
2973
433
840
1006
2951
291
460
690
1154
1806
2191
2202
2604
2802
1856
291
352
690
750
924
2191
2802
2465
154
291
690
1797
271
1179
1856
2191
2802
291
690
2604
897
2590
181
291
433
436
690
705
840
1613
1760
1856
2191
2414
2773
2802
2487
291
690
2421
1840
1878
2184
2191
2802
2951
1856
1897
291
690
1806
2604
2616
1662
2191
2664
2802
291
690
1046
1856
1937
427
291
690
2191
2802
433
840
1514
2243
2978
291
531
690
1760
1856
2026
2604
2773
538
1408
1680
1923
2191
2802
897
1685
2590
291
655
690
1082
705
772
835
1856
2191
2802
289
291
519
690
1427
2951
1048
2278
291
460
553
556
604
690
1341
1806
1940
2191
2247
2445
2604
2802
1856
2894
433
766
840
1613
291
690
67
2191
2802
1087
291
313
406
690
931
1760
1856
1971
2071
2773
162
450
721
1407
2191
2802
2916
291
690
2604
2616
1856
291
386
690
897
1662
2191
2590
2802
1840
2951
291
433
690
840
68
705
1016
1856
2191
2802
291
397
690
1806
2604
2974
2191
2802
291
690
1342
1760
1856
2773
291
467
690
909
1151
2024
2191
2802
695
715
1856
291
690
2604
433
840
1613
2191
2414
2802
19
188
291
690
1688
2831
2991
897
1643
1856
2276
2590
2951
2191
2800
2802
291
690
1283
1392
1962
2390
146
291
460
690
705
1149
1440
1486
1760
1806
1856
2191
2604
2616
2681
2773
2802
883
291
690
1368
1525
173
1162
1662
2191
2802
433
840
1856
2987
291
690
2317
2830
1120
1322
1797
2191
2700
2802
291
690
2604
1856
1894
2127
289
291
690
1840
2184
2191
2295
2563
2641
2802
2951
897
1154
2590
291
690
1760
1856
2773
2191
2232
2658
2802
808
2345
291
433
690
807
840
1202
1613
1806
2604
705
1856
2191
2802
291
690
291
690
2191
2802
1462
1856
291
690
2604
2616
2191
2393
2761
2802
2951
291
690
1085
1760
1856
2026
2773
433
840
1127
2020
82
1662
2191
2802
291
690
897
1595
2590
1856
2518
291
460
690
1425
1806
1878
2191
2604
2802
2873
74
291
690
772
1323
705
1500
1685
1800
1856
2191
2199
2802
291
690
2183
433
840
1613
2109
2191
2414
2802
291
647
690
1262
1760
1856
2604
2773
94
1840
2951
95
291
690
1591
1593
2191
2802
1666
1856
291
690
1979
15
112
386
897
2191
2590
2802
291
519
690
1806
2604
2616
171
1856
123
823
2191
2712
2802
291
433
690
840
291
690
705
1016
1662
1760
1836
1856
2057
2191
2287
2773
2801
2802
2931
828
289
291
690
2445
2604
2951
2191
2272
2802
103
1856
291
690
141
915
2191
2748
2802
291
690
433
840
1123
1613
1856
298
897
2590
291
460
690
1558
1806
2191
2604
2777
2802
1100
1392
1962
2885
291
690
1760
1856
2773
313
960
2191
2802
291
690
705
1840
1856
2184
2191
2276
2802
2888
2951
291
690
2604
2616
1797
433
840
176
291
690
913
1379
2191
2487
2628
2802
1856
291
690
1662
2191
2802
291
690
897
1643
1760
1806
1856
2590
2604
2773
917
1164
2191
2802
291
690
2743
720
1856
291
433
436
690
840
1514
1613
2177
2191
2247
2414
2734
2802
2036
2800
2951
291
690
2604
705
1154
1426
1856
2191
2202
2514
2802
155
291
690
2191
2802
291
690
1218
1760
1856
1953
2026
2773
762
291
460
690
844
1806
2191
2239
2604
2616
2641
2802
433
840
897
1573
1637
2077
2590
2836
1373
1856
291
690
2976
2191
2802
289
291
690
1840
2951
336
1537
1856
1662
2191
2623
2802
2859
2912
291
351
690
2604
772
291
690
705
1760
1856
2191
2773
2802
433
840
1613
291
690
1685
2595
2191
2802
1708
1856
291
690
1766
1806
2604
2624
2966
386
897
1655
1878
2191
2590
2802
291
690
1660
1726
1856
2586
2951
291
690
2191
2802
2984
291
433
690
807
840
1440
1486
1760
1856
2604
2616
2773
1084
2045
2191
2802
1096
291
690
1922
705
1016
1762
1856
2191
2802
291
690
238
291
311
460
690
1026
1283
1662
1673
1806
2191
2604
2802
1856
2448
291
519
690
897
2360
2590
433
840
1006
1613
1840
2184
2191
2414
2802
2951
291
690
1760
1856
2459
2773
550
1392
1724
1962
2191
2802
291
690
2351
2604
674
1856
2945
291
690
1333
1797
2191
2802
2884
2762
291
690
397
705
1780
1856
2191
2802
194
433
840
291
556
604
690
1149
1806
2445
2604
2616
2191
2208
2802
2890
289
291
344
690
1760
1856
1973
2276
2773
2951
897
2590
2910
291
690
2038
2191
2802
1856
291
690
1318
1407
2604
1662
2191
2216
2266
2802
291
433
498
690
840
1109
1613
1856
2191
2802
291
690
137
346
291
460
690
705
1085
1155
1698
1760
1806
1856
2026
2191
2604
2773
2802
313
1840
2951
291
690
129
1237
1827
2191
2268
2802
3000
897
1267
1643
1856
2590
291
690
1103
1154
433
840
1593
1048
2191
2802
291
690
909
2432
2604
2616
925
1856
2107
62
160
291
369
690
760
2191
2802
2837
154
291
690
958
1760
1856
2773
1087
2191
2802
772
291
690
1806
2604
2800
2951
181
433
705
840
1613
1662
1856
1983
2191
2414
2802
291
690
1449
291
386
690
897
939
1422
1586
2191
2590
2641
2802
1856
1500
1685
2410
291
690
2604
2191
2802
200
291
690
1760
1856
2179
2773
2191
2802
291
433
690
840
124
253
1856
218
289
291
460
690
1806
1840
2184
2191
2604
2616
2802
2951
291
690
705
1016
1856
1878
1967
2191
2802
2925
1082
291
690
897
2590
2191
2802
291
690
758
1760
1856
2604
2773
433
840
1613
1970
2487
291
690
921
1392
1662
1836
1962
2191
2247
2390
2678
2802
647
1797
1856
291
690
2341
2191
2802
385
974
2951
109
291
690
1806
2604
2761
1856
1162
2191
2802
291
690
433
840
1514
291
519
690
705
1760
1856
1866
2004
2191
2773
2802
897
2590
291
690
2604
2616
2191
2400
2802
1856
271
291
690
1179
2191
2536
2802
291
690
1182
1840
1856
2276
2951
291
433
436
460
690
807
840
1613
1806
2191
2414
2604
2802
2372
291
690
1760
1856
2026
2773
467
1151
1662
2191
2802
291
690
1648
705
911
1728
1856
2191
2802
291
690
897
2445
2590
2604
1413
1517
2831
291
690
1046
1937
2191
2802
2905
433
840
1687
1856
428
289
291
690
2951
2191
2802
291
678
690
846
1440
1486
1760
1806
1856
2604
2616
2773
327
554
1154
2191
2202
2802
291
690
164
1856
74
291
690
772
1323
2191
2802
2317
433
840
1613
141
291
690
2604
386
705
850
897
1643
1856
2191
2590
2802
2985
2296
291
690
877
1036
1899
1811
1662
1840
2184
2191
2802
2951
291
690
1760
1856
2773
2446
800
2430
291
313
460
690
1806
1971
2071
2191
2604
2802
1685
1856
291
433
690
840
1283
1364
2357
2191
2802
1644
291
584
690
66
1786
1856
2677
2191
2802
291
690
1379
2604
2616
897
2590
2800
68
291
690
705
1016
1760
1856
1926
2191
2239
2641
2773
2802
2218
2951
291
690
1767
433
840
1613
1797
2191
2279
2414
2802
1392
1856
1962
291
690
1164
1342
1806
1909
2604
419
2191
2511
2802
291
690
736
1856
2638
291
690
695
1662
1676
1878
2191
2447
2802
2873
291
690
738
1504
1760
1856
2198
2514
2604
2773
2191
2315
2802
433
840
289
291
690
897
1840
2590
2951
2183
204
705
910
1856
2191
2802
291
690
699
146
291
460
690
1149
1302
1806
2191
2373
2604
2616
2802
230
1856
1593
291
690
2191
2802
2164
2757
122
291
433
690
840
1085
1246
1613
1760
1856
2026
2773
1214
2191
2802
291
519
690
1546
2604
2692
2912
1856
2276
2951
150
291
690
2191
2802
897
2590
397
291
690
705
1662
1856
2191
2664
2802
1370
2476
91
147
291
690
1806
2604
189
433
840
2191
2802
291
690
902
1760
1856
2773
294
291
690
2191
2802
1856
1923
291
468
690
2151
2604
2616
1840
2184
2191
2802
2951
217
291
649
690
843
2777
772
1856
263
386
433
840
897
1613
1637
2077
2191
2414
2590
2797
2802
291
690
2967
106
948
1154
2886
291
460
553
556
604
690
705
1347
1760
1806
1849
1856
1940
2191
2247
2416
2445
2604
2705
2773
2802
291
690
1353
2191
2802
652
1856
291
690
2518
856
1662
1942
2191
2487
2802
289
291
433
690
807
840
1006
1691
2604
2951
1407
1856
291
690
1220
1500
1685
2191
2802
291
690
897
1643
1760
1856
2590
2773
220
2191
2802
291
690
1797
1806
2178
2604
2616
705
1016
1402
1856
2191
2586
2802
291
690
267
433
840
1392
1514
1613
1962
1608
291
482
690
1666
2191
2802
1856
1840
2951
291
690
2604
318
2191
2632
2802
1529
291
690
909
1760
1856
2024
2773
157
2191
2802
291
690
895
313
897
2590
433
840
1856
291
311
460
690
1662
1806
1836
2057
2191
2604
2641
2802
2931
2253
595
985
291
690
2959
705
1264
1292
1856
2191
2800
2802
291
690
2951
1878
2191
2802
291
690
1440
1486
1760
1856
2026
2604
2616
2773
2857
105
621
2110
291
433
436
690
840
1123
1613
2191
2414
2802
2965
173
1856
291
299
690
1369
2892
1024
2191
2802
897
2590
291
690
717
1048
1761
1806
2492
2604
636
647
1120
1856
2191
2802
291
690
2715
289
291
344
690
705
1039
1760
1840
1856
1973
2184
2191
2276
2295
2773
2802
2951
433
840
2039
291
690
1087
2604
1662
2191
2802
1856
2658
291
519
690
2191
2216
2802
291
690
1856
1922
291
386
460
582
677
690
897
1656
1806
2191
2590
2604
2616
2802
433
772
840
1613
291
690
1760
1856
2773
1044
2191
2802
2951
291
690
899
1283
705
1856
2191
2393
2761
2802
291
690
2604
1946
291
690
1154
1817
2191
2202
2791
2802
1856
2459
291
433
690
840
881
352
1089
2191
2802
291
690
1760
1806
1856
2604
2773
897
2590
154
1251
1662
1797
2191
2802
291
690
523
1840
2951
1685
1856
2199
291
690
2191
2802
291
690
1392
1830
1962
2390
2445
2604
2616
181
433
705
840
878
1016
1062
1613
1856
2191
2414
2802
291
690
2191
2802
291
690
1591
1593
1760
1856
2530
2773
577
1859
291
460
690
1162
1806
2191
2604
2802
1933
2277
897
1643
1856
2590
289
291
690
2951
2191
2802
433
840
1109
291
690
1708
123
1856
2712
1858
2191
2340
2802
291
690
2604
291
531
690
705
783
1085
1662
1698
1760
1856
2026
2191
2773
2801
2802
291
690
1082
2191
2802
770
1357
1505
1742
1856
291
433
690
807
840
1149
1613
1806
2604
2616
1103
1427
1840
2184
2191
2802
2951
291
690
897
1968
2590
141
1856
1383
2571
291
306
690
951
1762
2191
2239
2247
2641
2745
2802
2837
133
291
690
1558
1760
1856
2361
2604
2773
1878
2191
2802
291
690
979
433
840
313
705
960
1856
2191
2802
291
690
2800
875
291
460
690
1806
2191
2604
2787
2802
1856
2276
2951
1649
285
291
690
386
897
1586
1662
2191
2590
2802
176
291
690
1379
1760
1856
2487
2773
2945
433
840
1452
1613
2191
2414
2739
2802
74
291
690
772
1323
2322
2604
2616
1094
1856
2179
2782
291
397
512
690
773
1780
2191
2802
2974
291
519
690
1
705
928
1164
1856
2191
2802
1703
289
291
690
907
1806
1840
2604
2951
2982
467
1151
2191
2802
291
433
690
840
1014
1514
1532
1760
1856
2177
2773
1210
1797
897
2590
291
690
2191
2802
484
1038
1154
1856
2514
291
690
2604
188
1610
1688
2191
2802
2831
291
690
1981
1856
1325
1392
1662
1962
2191
2802
291
690
433
840
1500
1613
1685
1721
2229
2951
291
460
690
705
901
1016
1440
1486
1760
1806
1856
2191
2604
2616
2681
2773
2802
109
291
690
2191
2802
1856
291
630
690
897
1267
2590
2191
2317
2802
291
690
2604
1856
2912
433
840
952
2553
291
690
1152
2191
2802
291
690
1760
1856
2026
2773
1840
2184
2191
2563
2802
2951
271
1179
2060
291
556
604
690
1183
1393
1634
1806
2445
2604
705
1856
2191
2802
291
690
291
433
436
690
840
1105
1202
1613
1662
1836
2191
2414
2802
2904
2971
897
1643
1856
2590
492
291
690
2604
2616
79
391
887
2191
2802
668
1407
291
690
1760
1856
2773
675
1359
2191
2292
2802
289
291
488
690
2951
1084
1856
2045
291
460
690
718
1806
2191
2604
2802
433
840
1046
1204
1626
1937
2663
291
690
705
1856
2191
2802
291
690
1556
386
897
2084
2191
2290
2590
2802
291
690
852
1026
1283
1760
1856
2604
2773
291
690
1492
1878
2191
2641
2802
2873
2925
433
840
1006
1613
1840
1856
2276
2951
291
690
909
772
1058
1662
2191
2802
2228
291
690
1806
2070
2604
2616
268
1856
85
2183
2191
2802
291
690
291
647
690
705
1236
1760
1764
1797
1856
2191
2773
2802
2884
981
2800
291
433
497
690
807
840
897
1637
2077
2590
2604
95
1593
2191
2802
1856
2924
291
313
690
1971
2071
2750
2951
2191
2802
291
690
1856
2486
291
460
519
690
1806
2191
2604
2802
1392
1962
291
690
1760
1856
2038
2773
433
700
840
1154
1613
2082
2191
2202
2414
2802
291
690
2130
2804
1934
68
705
1016
1662
1856
2191
2266
2802
291
690
977
1685
2604
2616
897
2420
2590
289
291
690
1187
1840
2184
2191
2247
2802
2951
1856
265
291
690
1342
2191
2802
433
840
291
690
1085
1113
1155
1760
1806
1856
2026
2586
2604
2773
2191
2802
10
291
690
1110
695
1237
1856
2268
291
690
2191
2777
2802
102
291
690
2604
705
1048
1856
2191
2802
897
2590
2951
291
433
690
840
1613
1687
2115
120
2191
2802
291
690
1619
1760
1856
2773
2489
2761
146
291
311
460
671
690
1149
1662
1806
2191
2604
2616
2802
1219
1087
1856
291
690
1285
849
913
1842
2191
2487
2802
291
690
708
433
840
1856
1983
2191
2802
291
690
2445
2604
1840
2951
291
386
690
705
897
1643
1760
1856
2191
2590
2773
2802
988
291
690
2191
2802
1856
291
690
1806
2604
231
433
840
1514
1613
2191
2203
2414
2802
291
690
1420
1856
772
291
690
2191
2802
1797
289
291
344
371
690
1394
1440
1486
1760
1856
1973
2276
2604
2616
2773
2951
1662
2191
2802
291
690
1786
2677
897
2590
705
1856
1878
2191
2730
2802
291
433
654
690
840
2573
169
413
291
449
460
690
1806
2191
2216
2239
2604
2641
2802
1856
291
690
1694
2191
2802
2976
291
643
690
1392
1760
1856
1962
2074
2390
2773
1840
2184
2191
2802
2951
282
291
690
1616
2604
397
433
840
1300
1613
1856
291
351
690
2191
2638
2802
2518
897
2590
291
690
2824
2973
705
1016
1108
1162
1856
2171
2191
2802
141
291
690
1154
1806
2604
2616
2800
673
821
1500
1662
1685
2191
2431
2595
2802
291
519
690
1760
1856
2026
2176
2773
2320
433
840
291
690
924
1964
2191
2802
1066
2951
1856
2717
24
154
291
690
2604
313
1001
1660
2191
2802
2935
504
291
690
1856
2191
2802
2984
291
690
897
2590
1666
181
291
433
436
460
690
705
807
840
1613
1760
1806
1856
2191
2414
2604
2773
2802
252
456
291
690
1379
1922
2191
2470
2699
2802
1856
289
291
690
765
1840
2951
2191
2679
2802
291
690
2604
2616
1728
1856
1578
291
690
1283
1447
1662
1836
2057
2191
2664
2802
2931
433
840
831
1164
291
690
1760
1856
2773
386
897
2191
2360
2590
2802
2211
291
690
1806
2454
2604
705
1856
2191
2459
2802
291
690
2585
2978
2249
1593
2951
291
690
1408
1680
1923
2191
2802
1856
2514
219
433
840
1123
1613
291
655
690
1082
2604
281
1797
2191
2802
74
291
690
772
1323
1760
1856
2773
1240
2191
2475
2802
291
690
2278
850
897
1643
1856
2590
291
460
553
556
604
690
1806
1940
2191
2247
2445
2604
2616
2802
291
433
690
766
840
1746
705
1662
1840
1856
2184
2191
2276
2802
2951
11
291
690
2191
2582
2738
2802
291
690
931
1760
1856
2604
2773
602
1392
1962
2912
73
291
450
690
721
1407
2191
2802
1145
1856
291
690
433
840
1109
1613
1878
2191
2414
2802
2557
2834
291
690
897
1806
2590
2604
2620
1856
1475
2191
2802
289
291
690
2951
291
690
705
1016
1085
1698
1760
1856
2026
2191
2641
2773
2802
1646
291
690
2604
2616
2191
2802
433
647
840
1856
2279
291
690
1685
1103
1154
1662
2191
2202
2802
291
690
1856
291
460
467
690
909
1151
1806
2024
2191
2432
2604
2802
897
2590
561
1193
1840
2487
2951
291
690
715
1760
1856
2773
1667
2191
2497
2802
2837
291
433
519
690
840
1613
705
1158
1856
2191
2802
291
690
2604
2831
2991
2316
291
690
2191
2800
2802
204
1856
291
690
2191
2802
291
690
1149
1440
1486
1760
1806
1856
2373
2604
2616
2773
56
433
840
1006
1514
2951
386
897
1422
1586
2191
2590
2802
291
690
780
1856
173
291
690
941
1662
2191
2802
313
291
690
2310
2317
2604
200
705
1363
1856
2179
2191
2802
1280
291
690
1120
1797
2626
1708
2342
2483
433
840
1613
2191
2414
2802
291
690
1760
1856
1894
2127
2773
289
291
460
690
1806
1840
2184
2191
2295
2604
2802
2951
772
2495
1856
291
690
897
2590
2191
2221
2802
291
690
1785
2658
1856
1924
2191
2802
291
331
433
690
807
840
2604
2616
635
1744
291
690
705
1760
1856
2191
2773
2802
2083
291
690
921
1392
1662
1762
1962
2191
2802
1856
2276
2951
291
690
1806
2604
2191
2802
291
690
832
263
433
840
897
1613
1637
1643
1856
2077
2590
2797
2832
109
291
690
2191
2393
2761
2802
2226
540
291
690
1760
1849
1856
2026
2445
2604
2705
2773
1315
1661
2191
2802
710
291
690
1114
705
1016
1856
1866
2191
2802
291
690
1840
2951
433
840
291
460
690
1806
1878
2191
2604
2616
2802
2873
856
1856
2945
1048
291
690
2716
271
510
1179
1465
2122
2191
2802
272
897
2590
239
291
690
1500
1685
1760
1856
2199
2460
2773
110
397
1662
1780
2191
2802
291
690
2183
2604
1154
1257
1856
291
433
436
690
840
1613
2191
2239
2414
2641
2802
858
1087
1990
94
289
291
690
1283
2951
705
1402
1856
2191
2586
2802
291
690
1591
1593
1806
2604
2191
2802
291
690
1760
1856
2773
15
112
291
386
690
897
1678
2191
2247
2590
2802
433
840
1365
1856
2248
291
519
690
2604
2616
333
1046
1937
2191
2802
2905
123
291
690
823
2712
1856
1583
1797
1840
2184
2191
2802
2951
291
690
291
311
460
690
705
771
1662
1760
1806
1836
1856
2191
2604
2773
2801
2802
433
761
840
1613
291
690
828
1831
2191
2774
2802
1292
1856
2800
291
690
897
1267
2590
772
946
2191
2802
291
690
2604
1856
893
141
291
690
2191
2748
2802
1551
2951
1295
2252
291
433
690
840
1760
1856
2773
2191
2802
1481
221
291
690
1558
1806
2604
2616
2777
424
705
1856
2191
2802
291
690
876
1392
1962
2390
291
313
360
690
960
1971
2071
2191
2802
1856
2042
897
2590
291
690
2604
433
840
1364
1613
1662
2191
2414
2802
1477
289
291
344
690
1085
1760
1840
1856
1973
2026
2276
2773
2951
1162
2191
2802
291
690
1856
176
291
460
690
1379
1806
2191
2487
2604
2802
1997
827
291
690
68
705
1016
1856
2191
2216
2802
2932
433
840
2155
291
690
2191
2802
291
582
690
897
1440
1486
1643
1656
1760
1856
2590
2604
2616
2773
1079
2951
291
690
1164
1342
2191
2802
1044
1620
1856
291
690
720
2191
2802
1685
291
433
556
604
690
807
840
1150
1514
1613
1806
2177
2445
2604
2734
1856
695
1662
1878
2191
2447
2802
2925
291
690
291
690
705
1154
1426
1504
1760
1856
2191
2202
2514
2773
2802
2625
155
291
690
2604
386
897
1840
2184
2191
2590
2802
2951
352
1856
291
690
1306
2722
433
840
1407
699
2150
2191
2402
2802
291
690
762
154
647
1056
1797
1856
146
291
460
690
844
1149
1806
2191
2604
2616
2641
2802
291
690
1760
1856
2773
2191
2802
291
690
28
122
181
433
705
840
1613
1856
2191
2414
2802
289
291
690
2604
2951
511
897
2590
291
519
690
1546
1662
2191
2802
2859
2912
1856
1850
74
291
690
772
1323
2191
2769
2802
291
690
1760
1806
1856
2604
2773
2191
2802
291
433
690
840
909
1684
1856
291
690
2191
2802
986
1392
1840
1962
2951
291
690
995
1766
2604
2616
705
1856
2191
2802
2047
2102
291
690
897
2590
2191
2802
291
531
690
1760
1856
2026
2773
433
840
1613
2800
291
460
468
663
690
1560
1806
2151
2191
2604
2802
1082
1856
291
690
217
1662
2191
2802
291
301
690
1084
1905
2045
2841
1344
1427
1856
2276
2951
2191
2802
2968
291
690
1922
2604
2017
433
840
1687
291
690
705
1016
1347
1760
1856
2191
2247
2773
2802
897
1593
2590
291
690
2191
2802
1856
291
690
1026
1283
1806
2604
2616
2646
2191
2518
2802
291
690
764
1851
2448
313
1856
1915
2209
1948
289
291
433
436
690
840
1006
1613
1691
1840
2184
2191
2414
2802
2951
291
690
1760
1856
2459
2604
2773
1500
1565
1685
2191
2802
183
291
690
386
632
705
897
908
1643
1662
1856
2191
2590
2802
291
674
690
291
460
690
1333
1797
1806
2178
2191
2604
2802
2884
433
840
1856
1154
2515
2564
291
690
2762
1716
1878
2191
2802
1663
2951
291
397
690
1258
1760
1856
2773
2974
1614
1666
2191
2802
291
690
2445
2604
2616
99
2578
1856
291
690
2191
2802
1450
433
840
1613
2761
291
690
897
2590
467
705
947
1151
1856
2191
2196
2802
1786
2677
291
341
690
900
1163
1806
2038
2604
1718
2191
2802
291
690
1760
1856
2113
2773
772
1840
2951
101
291
690
1662
1836
2057
2191
2239
2266
2641
2802
2931
188
1688
1856
2831
291
433
690
807
840
1109
2604
2158
2191
2802
291
690
334
1392
1856
1962
2191
2802
137
291
519
690
897
1224
2487
2590
885
291
460
690
705
1085
1155
1440
1486
1698
1760
1806
1856
2026
2191
2604
2616
2681
2773
2802
2638
289
291
690
1781
2951
433
840
1123
1613
2191
2414
2802
2965
216
1856
6
129
291
690
1237
2268
3000
1327
1372
1470
2191
2802
291
690
1103
2604
1697
1856
2317
291
690
1048
2191
2492
2802
291
690
1760
1856
2773
1336
1662
2191
2802
433
840
897
1514
1637
2077
2339
2590
62
160
291
369
670
690
760
1806
2604
2837
2000
705
1016
1840
1856
2184
2191
2276
2563
2802
2951
291
690
2462
291
496
690
1087
2191
2802
1856
2816
291
690
2604
2616
2800
44
2191
2714
2802
291
433
690
840
1202
1613
1760
1856
1983
2773
2162
2191
2802
291
690
1856
291
386
460
690
897
939
1586
1806
2191
2366
2590
2604
2802
1873
2951
1797
291
690
1685
2410
705
1856
2191
2802
291
690
141
433
840
1662
2191
2664
2802
291
690
1760
1856
2179
2604
2773
83
932
159
291
690
2097
2191
2802
1446
1511
168
1856
2586
124
253
291
690
759
1154
2191
2202
2791
2802
1093
2708
218
289
291
690
1149
1806
1840
2604
2616
2951
897
1643
1856
2590
144
313
433
840
881
1613
2191
2414
2802
291
690
1723
1923
291
690
705
775
1760
1856
1878
1967
2191
2724
2773
2802
2873
291
690
2604
2191
2802
772
1856
291
690
192
2191
2802
291
433
690
840
1379
1768
1970
1856
2183
2389
2951
291
311
460
553
556
604
690
1392
1662
1806
1940
1962
2191
2247
2390
2445
2604
2678
2802
897
2590
291
647
690
1760
1856
2026
2773
1683
2191
2802
291
690
2385
2778
95
705
1593
1856
2191
2802
109
291
690
2604
2616
433
840
1164
1613
324
172
291
347
690
1162
2191
2641
2802
1856
1407
291
690
184
1840
2184
2191
2802
2951
291
519
690
1760
1806
1856
2604
2773
142
340
1216
1708
2191
2802
291
690
897
1283
2590
433
840
1856
2514
291
690
2191
2400
2802
2944
271
291
690
1179
1735
2604
705
1016
1662
1856
2191
2802
291
690
961
1399
2191
2274
2802
289
291
344
690
1182
1760
1856
1973
2276
2773
2951
291
433
436
460
690
807
840
1613
1806
2191
2414
2604
2616
2802
2606
2814
1856
291
690
386
897
1797
1968
2191
2590
2802
418
291
690
909
2024
1856
306
1762
2191
2216
2802
291
362
690
2604
443
291
690
705
911
1728
1760
1856
2191
2361
2773
2777
2802
433
840
2912
310
716
729
1500
1685
1840
2951
291
690
1176
979
2191
2802
1856
291
690
1046
1806
1937
2604
1662
2191
2800
2802
291
428
690
1856
897
2590
291
690
2191
2802
433
840
1613
291
678
690
1440
1486
1760
1856
2604
2616
2773
2191
2802
291
350
690
1154
2951
705
913
1856
2191
2487
2802
2945
291
690
173
1495
2690
74
291
460
657
690
772
1323
1806
2191
2604
2802
1856
291
433
690
840
397
512
1780
2191
2802
154
1120
1392
1962
291
690
850
897
1085
1643
1760
1856
2026
2590
2773
2985
1878
2191
2802
291
690
2604
1856
289
291
690
1662
1836
1840
2184
2191
2295
2802
2951
291
690
2446
181
433
705
840
1514
1613
1856
2191
2414
2802
2297
291
313
690
1782
1806
1971
2071
2367
2604
2616
2658
2191
2802
291
690
1760
1856
2773
2760
291
690
2191
2802
466
897
2590
1856
291
690
2445
2604
2191
2802
433
840
1006
1612
2951
291
690
573
1856
50
2191
2802
291
690
68
291
460
690
705
745
901
929
1016
1760
1806
1856
2191
2239
2604
2641
2773
2802
1884
291
519
690
1662
2191
2393
2761
2802
571
1856
2976
92
291
433
690
840
1613
1797
2279
1297
386
897
1267
2191
2590
2802
291
690
1134
1342
1909
2604
2616
1200
1840
1856
2276
2951
291
690
2191
2511
2802
1082
291
351
690
1760
1856
2773
1152
2191
2321
2802
291
690
695
1806
2349
2604
433
840
705
1856
2191
2802
291
690
291
690
1393
1634
2191
2247
2315
2802
1685
1856
2199
2595
32
289
291
690
897
2590
2604
2856
2951
379
2191
2802
204
291
690
1002
1760
1856
2035
2773
2529
433
628
840
1234
1613
1662
2191
2414
2802
2971
291
690
1660
1856
146
291
460
690
1149
1806
2191
2373
2604
2616
2802
291
601
690
1591
1593
705
1856
2191
2802
2984
291
690
772
1154
1840
2184
2191
2202
2802
2951
291
433
690
807
840
1246
1760
1856
2026
2604
2773
897
1392
1962
2590
291
690
2191
2802
2800
1631
1856
1922
291
690
2191
2802
123
2712
291
690
1806
1941
2604
1856
2191
2802
291
690
433
840
1048
1613
1802
291
690
705
852
1283
1662
1760
1856
2191
2773
2801
2802
2951
147
291
690
2604
2616
1878
2069
2191
2802
2925
897
1643
1856
2360
2590
291
690
467
1151
2191
2802
291
294
690
1856
2161
2459
433
840
1087
291
460
690
1806
2070
2191
2604
2802
141
291
690
1760
1856
2773
1974
2191
2802
452
289
291
690
1840
1854
1980
2951
2831
647
669
705
1016
1236
1797
1856
2191
2802
291
690
1558
2604
263
291
386
433
436
690
840
897
1613
1637
2077
2191
2414
2590
2797
2802
1856
291
690
948
1387
313
960
1662
2191
2612
2802
291
556
604
690
1440
1486
1760
1806
1849
1856
2037
2416
2445
2604
2616
2705
2773
2191
2802
291
690
1856
2276
2951
291
519
690
2191
2641
2802
433
840
447
291
690
2518
2604
705
1856
2191
2802
2317
176
291
690
856
1379
2487
897
2590
2130
2191
2802
291
690
1407
1760
1856
2773
77
1515
1700
493
291
460
690
1220
1500
1685
1806
2191
2604
2802
433
840
1109
1613
1856
291
690
1840
2184
2191
2802
2951
291
690
1856
1164
1662
2191
2802
291
690
2604
2616
1171
291
690
705
1085
1402
1698
1760
1856
2026
2191
2586
2773
2802
772
897
2590
291
433
690
840
1392
1514
1962
2177
2390
10
1110
2191
2802
1856
291
690
1666
1806
2604
2191
2802
289
291
690
2951
1103
1154
1856
2514
291
318
690
2191
2802
291
690
909
1760
1856
2432
2604
2773
433
840
1162
1613
1687
2191
2414
2802
157
291
690
705
1619
1856
2191
2802
2837
291
690
897
2590
291
311
460
690
1662
1806
1836
2057
2191
2604
2616
2802
2931
1856
397
1840
2951
291
690
1285
2191
2802
433
840
291
690
1292
1760
1823
1856
2773
2800
1205
2191
2802
2868
291
690
2604
1797
1856
291
480
690
1878
2191
2247
2802
2873
2912
291
621
690
2110
386
705
897
1016
1422
1586
1643
1856
2191
2590
2802
291
433
690
807
840
1123
1613
1806
2604
2951
2191
2802
291
690
1760
1856
2773
2183
291
690
2191
2802
200
1856
2179
291
690
1761
2604
2616
1662
2191
2802
291
690
2306
433
840
1856
2191
2802
291
690
1593
897
2590
