992
2047
1198
1939
1808
1498
1477
44610
13215
2480
1694
1671
999
150412
1012
3138
1303
2351
997
4891
1702
3193
1144
3753
1111
2385
1559
1294
989
998
2466
976
3083
2744
23395
5506
1191
1388
988
996
12066
997
990
1370
26603
994
4900
1173
1907
4578
1315
1554
994
995
3833
1872
1230
3735
1468
10536
4042
25618
996
9427
991
993
993
989
1819
993
1252
1329
999
1563
1201
3773
1628
992
971
1216
1966
1088
1860
2372
1403
1808
167365
3177
7299
1556
989
3552
7057
995
1644
1219
999
939
995
1439
998
1772
1825
152893
1151
2800
2255
957
1143
2357
19309
3802
1612
1687
996
7606
1461
2811
988
2046
8159
995
3257
996
2344
2575
1124
3740
3204
1502
1021
985
5251
1381
1384
2168
4152
3073
2823
2808
1917
992
990
4365
1511
886
2534
1810
4387
1728
1861
1069
1396
1409
3256
1533
1797
20881
985
1330
3203
1262
4322
3723
1453
29841
2550
14577
3244
998
920
989
1397
1155
1503
8309
1042
998
1132
2830
1137
5369
1212
1877
2105
3239
2504
1790
2351
1028
1330
3148
4352
2156
1007
1432
980
1160
1633
4387
